[2026-06-19 09:13:28] [ERROR] Migration failed: 2026_01_01_000001_create_users_table | Context: {"error":"Migration class not found: Database\\Migrations\\000001CreateUsersTable"}
[2026-06-19 09:14:22] [INFO] Database seeding completed
[2026-06-19 10:22:12] [INFO] Database seeding completed
[2026-06-19 10:30:45] [INFO] Database seeding completed
[2026-06-19 10:57:52] [ERROR] Failed to retrieve servers | Context: {"error":"Failed to parse time string (NOW() at position 3 ((): Unexpected character"}
[2026-06-19 11:02:17] [ERROR] Failed to retrieve servers | Context: {"error":"Failed to parse time string (NOW() at position 3 ((): Unexpected character"}
[2026-06-19 11:09:28] [ERROR] Failed to retrieve servers | Context: {"error":"Failed to parse time string (NOW() at position 3 ((): Unexpected character"}
[2026-06-19 11:10:53] [ERROR] Database seeding failed | Context: {"error":"SQLSTATE[HY000]: General error: 1 no such table: roles"}
[2026-06-19 11:18:43] [ERROR] Database seeding failed | Context: {"error":"SQLSTATE[HY000]: General error: 1 no such function: NOW"}
[2026-06-19 11:27:24] [ERROR] Database seeding failed | Context: {"error":"SQLSTATE[HY000]: General error: 1 no such table: roles"}
[2026-06-19 11:44:05] [INFO] Database seeding completed
[2026-06-19 12:08:09] [ERROR] Failed to retrieve servers | Context: {"error":"Failed to parse time string (NOW() at position 3 ((): Unexpected character"}
[2026-06-19 12:08:27] [ERROR] Failed to retrieve servers | Context: {"error":"Failed to parse time string (NOW() at position 3 ((): Unexpected character"}
[2026-06-19 14:41:21] [ERROR] Failed to retrieve servers | Context: {"error":"Failed to parse time string (NOW() at position 3 ((): Unexpected character"}
[2026-06-19 14:43:20] [ERROR] Failed to retrieve servers | Context: {"error":"Failed to parse time string (NOW() at position 3 ((): Unexpected character"}
[2026-06-19 14:43:58] [ERROR] Failed to retrieve servers | Context: {"error":"Failed to parse time string (NOW() at position 3 ((): Unexpected character"}
[2026-06-19 14:44:00] [ERROR] Failed to retrieve servers | Context: {"error":"Failed to parse time string (NOW() at position 3 ((): Unexpected character"}
[2026-06-19 14:44:53] [ERROR] Failed to retrieve servers | Context: {"error":"Failed to parse time string (NOW() at position 3 ((): Unexpected character"}
[2026-06-19 14:44:54] [ERROR] Failed to retrieve servers | Context: {"error":"Failed to parse time string (NOW() at position 3 ((): Unexpected character"}
[2026-06-19 14:44:55] [ERROR] Failed to retrieve servers | Context: {"error":"Failed to parse time string (NOW() at position 3 ((): Unexpected character"}
[2026-06-19 14:44:56] [ERROR] Failed to retrieve servers | Context: {"error":"Failed to parse time string (NOW() at position 3 ((): Unexpected character"}
[2026-06-19 14:44:56] [ERROR] Failed to retrieve servers | Context: {"error":"Failed to parse time string (NOW() at position 3 ((): Unexpected character"}
[2026-06-19 14:44:57] [ERROR] Failed to retrieve servers | Context: {"error":"Failed to parse time string (NOW() at position 3 ((): Unexpected character"}
[2026-06-19 14:44:57] [ERROR] Failed to retrieve servers | Context: {"error":"Failed to parse time string (NOW() at position 3 ((): Unexpected character"}
[2026-06-19 14:44:57] [ERROR] Failed to retrieve servers | Context: {"error":"Failed to parse time string (NOW() at position 3 ((): Unexpected character"}
[2026-06-19 14:44:57] [ERROR] Failed to retrieve servers | Context: {"error":"Failed to parse time string (NOW() at position 3 ((): Unexpected character"}
[2026-06-19 14:44:57] [ERROR] Failed to retrieve servers | Context: {"error":"Failed to parse time string (NOW() at position 3 ((): Unexpected character"}
[2026-06-19 14:44:57] [ERROR] Failed to retrieve servers | Context: {"error":"Failed to parse time string (NOW() at position 3 ((): Unexpected character"}
[2026-06-19 14:45:50] [ERROR] Failed to retrieve servers | Context: {"error":"Failed to parse time string (NOW() at position 3 ((): Unexpected character"}
[2026-06-19 14:54:29] [ERROR] Failed to retrieve servers | Context: {"error":"Failed to parse time string (NOW() at position 3 ((): Unexpected character"}
[2026-06-19 14:54:53] [ERROR] Failed to retrieve servers | Context: {"error":"Failed to parse time string (NOW() at position 3 ((): Unexpected character"}
[2026-06-19 14:58:45] [ERROR] Failed to retrieve servers | Context: {"error":"Failed to parse time string (NOW() at position 3 ((): Unexpected character"}
[2026-06-19 15:04:39] [ERROR] Failed to retrieve servers | Context: {"error":"Failed to parse time string (NOW() at position 3 ((): Unexpected character"}
[2026-06-19 15:08:29] [ERROR] Failed to retrieve servers | Context: {"error":"Failed to parse time string (NOW() at position 3 ((): Unexpected character"}
[2026-06-19 15:10:11] [INFO] Database seeding completed
[2026-06-19 15:18:47] [INFO] Database seeding completed
[2026-06-22 06:29:07] [ERROR] Error in weekly report script | Context: {"error":"SQLSTATE[HY000]: General error: 1 no such column: setting_value"}
[2026-06-22 06:29:48] [ERROR] Failed to send weekly report to admin@monitor.local
[2026-06-23 14:41:50] [INFO] Background check completed for server ID 22: online
[2026-06-23 15:12:32] [INFO] Background check completed for server ID 23: online
[2026-06-23 15:13:02] [INFO] Background check completed for server ID 24: online
[2026-06-24 08:55:04] [INFO] Background check completed for server ID 25: online
